Loading modules
The following modules were not unloaded:
  (Use "module --force purge" to unload all):

  1) releases/2023a   2) tis/2025
Modules loaded
Collecting spconv-cu121
  Using cached spconv_cu121-2.3.8-cp311-cp311-manylinux_2_17_x86_64.manylinux2014_x86_64.whl (76.3 MB)
Collecting pccm>=0.4.16
  Using cached pccm-0.4.16-py3-none-any.whl (73 kB)
Collecting ccimport>=0.4.4
  Using cached ccimport-0.4.4-py3-none-any.whl (27 kB)
Requirement already satisfied: pybind11>=2.6.0 in /opt/sw/arch/easybuild/2023a/software/pybind11/2.11.1-GCCcore-12.3.0/lib/python3.11/site-packages (from spconv-cu121->-r /home/users/j/s/jszpirer/requirements.txt (line 1)) (2.11.1)
Collecting fire
  Using cached fire-0.7.0-py3-none-any.whl
Requirement already satisfied: numpy in /opt/sw/arch/easybuild/2023a/software/SciPy-bundle/2023.07-gfbf-2023a/lib/python3.11/site-packages (from spconv-cu121->-r /home/users/j/s/jszpirer/requirements.txt (line 1)) (1.25.1)
Collecting cumm-cu121<0.8.0,>=0.7.11
  Using cached cumm_cu121-0.7.11-cp311-cp311-manylinux_2_17_x86_64.manylinux2014_x86_64.whl (26.6 MB)
Collecting ninja
  Using cached ninja-1.11.1.4-py3-none-manylinux_2_12_x86_64.manylinux2010_x86_64.whl (422 kB)
Requirement already satisfied: requests in /opt/sw/arch/easybuild/2023a/software/Python-bundle-PyPI/2023.06-GCCcore-12.3.0/lib/python3.11/site-packages (from ccimport>=0.4.4->spconv-cu121->-r /home/users/j/s/jszpirer/requirements.txt (line 1)) (2.31.0)
Requirement already satisfied: sympy in /opt/sw/arch/easybuild/2023a/software/sympy/1.12-gfbf-2023a/lib/python3.11/site-packages (from cumm-cu121<0.8.0,>=0.7.11->spconv-cu121->-r /home/users/j/s/jszpirer/requirements.txt (line 1)) (1.12)
Collecting lark>=1.0.0
  Using cached lark-1.2.2-py3-none-any.whl (111 kB)
Requirement already satisfied: portalocker>=2.3.2 in /opt/sw/arch/easybuild/2023a/software/PyTorch-bundle/2.1.2-foss-2023a-CUDA-12.1.1/lib/python3.11/site-packages (from pccm>=0.4.16->spconv-cu121->-r /home/users/j/s/jszpirer/requirements.txt (line 1)) (2.8.2)
Collecting termcolor
  Using cached termcolor-3.1.0-py3-none-any.whl (7.7 kB)
Requirement already satisfied: charset-normalizer<4,>=2 in /opt/sw/arch/easybuild/2023a/software/Python-bundle-PyPI/2023.06-GCCcore-12.3.0/lib/python3.11/site-packages (from requests->ccimport>=0.4.4->spconv-cu121->-r /home/users/j/s/jszpirer/requirements.txt (line 1)) (3.1.0)
Requirement already satisfied: idna<4,>=2.5 in /opt/sw/arch/easybuild/2023a/software/Python-bundle-PyPI/2023.06-GCCcore-12.3.0/lib/python3.11/site-packages (from requests->ccimport>=0.4.4->spconv-cu121->-r /home/users/j/s/jszpirer/requirements.txt (line 1)) (3.4)
Requirement already satisfied: urllib3<3,>=1.21.1 in /opt/sw/arch/easybuild/2023a/software/Python-bundle-PyPI/2023.06-GCCcore-12.3.0/lib/python3.11/site-packages (from requests->ccimport>=0.4.4->spconv-cu121->-r /home/users/j/s/jszpirer/requirements.txt (line 1)) (1.26.16)
Requirement already satisfied: certifi>=2017.4.17 in /opt/sw/arch/easybuild/2023a/software/Python-bundle-PyPI/2023.06-GCCcore-12.3.0/lib/python3.11/site-packages (from requests->ccimport>=0.4.4->spconv-cu121->-r /home/users/j/s/jszpirer/requirements.txt (line 1)) (2023.5.7)
Requirement already satisfied: mpmath>=0.19 in /opt/sw/arch/easybuild/2023a/software/SciPy-bundle/2023.07-gfbf-2023a/lib/python3.11/site-packages (from sympy->cumm-cu121<0.8.0,>=0.7.11->spconv-cu121->-r /home/users/j/s/jszpirer/requirements.txt (line 1)) (1.3.0)
Installing collected packages: termcolor, ninja, lark, fire, ccimport, pccm, cumm-cu121, spconv-cu121
Successfully installed ccimport-0.4.4 cumm-cu121-0.7.11 fire-0.7.0 lark-1.2.2 ninja-1.11.1.4 pccm-0.4.16 spconv-cu121-2.3.8 termcolor-3.1.0

[notice] A new release of pip available: 22.3.1 -> 25.1.1
[notice] To update, run: pip install --upgrade pip
wandb: WARNING Using legacy-service, which is deprecated. If this is unintentional, you can fix it by ensuring you do not call `wandb.require('legacy-service')` and do not set the WANDB_X_REQUIRE_LEGACY_SERVICE environment variable.
wandb: Currently logged in as: jeanne-szpirer (jeanne-szpirer-universit-libre-de-bruxelles) to https://api.wandb.ai. Use `wandb login --relogin` to force relogin
env is MPE, scenario is simple_spread_cnn_sparse_3.85agentslandmarks_local, algo is rmappo, exp is simple_spread_cnn_sparse77_rnn_local, max seed is 5
seed 5:
wandb: Currently logged in as: jeanne-szpirer (jeanne-szpirer-universit-libre-de-bruxelles) to https://api.wandb.ai. Use `wandb login --relogin` to force relogin
wandb: WARNING Using a boolean value for 'reinit' is deprecated. Use 'return_previous' or 'finish_previous' instead.
wandb: Tracking run with wandb version 0.19.11
wandb: Run data is saved locally in /localsc/jszpirer/31750/spread/mappo/onpolicy/scripts/results/MPE/simple_spread_cnn_sparse_3.85agentslandmarks_local/rmappo/simple_spread_cnn_sparse77_rnn_local/wandb/run-20250613_122200-5heozizi
wandb: Run `wandb offline` to turn off syncing.
wandb: Syncing run rmappo_simple_spread_cnn_sparse77_rnn_local_seed5
wandb: ⭐️ View project at https://wandb.ai/jeanne-szpirer-universit-libre-de-bruxelles/simple_spread_10agents
wandb: 🚀 View run at https://wandb.ai/jeanne-szpirer-universit-libre-de-bruxelles/simple_spread_10agents/runs/5heozizi
u are choosing to use rmappo, we set use_recurrent_policy to be True
choose to use gpu...
ERROR; return code from pthread_create() is 11
	Error detail: Resource temporarily unavailable
ERROR; return code from pthread_create() is 11
	Error detail: Resource temporarily unavailable
ERROR; return code from pthread_create() is 11
	Error detail: Resource temporarily unavailable
Traceback (most recent call last):
  File "/localsc/jszpirer/31750/spread/mappo/onpolicy/scripts/train_mpe_scripts/../train/train_mpe.py", line 191, in <module>
    main(sys.argv[1:])
  File "/localsc/jszpirer/31750/spread/mappo/onpolicy/scripts/train_mpe_scripts/../train/train_mpe.py", line 152, in main
    envs = make_train_env(all_args)
           ^^^^^^^^^^^^^^^^^^^^^^^^
  File "/localsc/jszpirer/31750/spread/mappo/onpolicy/scripts/train_mpe_scripts/../train/train_mpe.py", line 31, in make_train_env
    return SubprocVecEnv([get_env_fn(i) for i in range(all_args.n_rollout_threads)])
           ^^^^^^^^^^^^^^^^^^^^^^^^^^^^^^^^^^^^^^^^^^^^^^^^^^^^^^^^^^^^^^^^^^^^^^^^^
  File "/localsc/jszpirer/31750/spread/mappo/onpolicy/envs/env_wrappers.py", line 248, in __init__
    p.start()
  File "/opt/sw/arch/easybuild/2023a/software/Python/3.11.3-GCCcore-12.3.0/lib/python3.11/multiprocessing/process.py", line 121, in start
    self._popen = self._Popen(self)
                  ^^^^^^^^^^^^^^^^^
  File "/opt/sw/arch/easybuild/2023a/software/Python/3.11.3-GCCcore-12.3.0/lib/python3.11/multiprocessing/context.py", line 224, in _Popen
    return _default_context.get_context().Process._Popen(process_obj)
           ^^^^^^^^^^^^^^^^^^^^^^^^^^^^^^^^^^^^^^^^^^^^^^^^^^^^^^^^^^
  File "/opt/sw/arch/easybuild/2023a/software/Python/3.11.3-GCCcore-12.3.0/lib/python3.11/multiprocessing/context.py", line 281, in _Popen
    return Popen(process_obj)
           ^^^^^^^^^^^^^^^^^^
  File "/opt/sw/arch/easybuild/2023a/software/Python/3.11.3-GCCcore-12.3.0/lib/python3.11/multiprocessing/popen_fork.py", line 19, in __init__
    self._launch(process_obj)
  File "/opt/sw/arch/easybuild/2023a/software/Python/3.11.3-GCCcore-12.3.0/lib/python3.11/multiprocessing/popen_fork.py", line 66, in _launch
    self.pid = os.fork()
               ^^^^^^^^^
BlockingIOError: [Errno 11] Resource temporarily unavailable
ERROR; return code from pthread_create() is 11
	Error detail: Resource temporarily unavailable
ERROR; return code from pthread_create() is 11
	Error detail: Resource temporarily unavailable
ERROR; return code from pthread_create() is 11
	Error detail: Resource temporarily unavailable
ERROR; return code from pthread_create() is 11
	Error detail: Resource temporarily unavailable
ERROR; return code from pthread_create() is 11
ERROR; return code from pthread_create() is 11
	Error detail: Resource temporarily unavailable
ERROR; return code from pthread_create() is 11
	Error detail: Resource temporarily unavailable
	Error detail: Resource temporarily unavailable
ERROR; return code from pthread_create() is 11
	Error detail: Resource temporarily unavailable
ERROR; return code from pthread_create() is 11
ERROR; return code from pthread_create() is 11
	Error detail: Resource temporarily unavailable
	Error detail: Resource temporarily unavailable
ERROR; return code from pthread_create() is 11
ERROR; return code from pthread_create() is 11
ERROR; return code from pthread_create() is 11
	Error detail: Resource temporarily unavailable
	Error detail: Resource temporarily unavailable
	Error detail: Resource temporarily unavailable
ERROR; return code from pthread_create() is 11
	Error detail: Resource temporarily unavailable
ERROR; return code from pthread_create() is 11
	Error detail: Resource temporarily unavailable
ERROR; return code from pthread_create() is 11
	Error detail: Resource temporarily unavailable
ERROR; return code from pthread_create() is 11
	Error detail: Resource temporarily unavailable
ERROR; return code from pthread_create() is 11
	Error detail: Resource temporarily unavailable
ERROR; return code from pthread_create() is 11
	Error detail: Resource temporarily unavailable
ERROR; return code from pthread_create() is 11
	Error detail: Resource temporarily unavailable
ERROR; return code from pthread_create() is 11
	Error detail: Resource temporarily unavailable
ERROR; return code from pthread_create() is 11
	Error detail: Resource temporarily unavailable
ERROR; return code from pthread_create() is 11
	Error detail: Resource temporarily unavailable
ERROR; return code from pthread_create() is 11
	Error detail: Resource temporarily unavailable
ERROR; return code from pthread_create() is 11
	Error detail: Resource temporarily unavailable
ERROR; return code from pthread_create() is 11
	Error detail: Resource temporarily unavailable
ERROR; return code from pthread_create() is 11
	Error detail: Resource temporarily unavailable
ERROR; return code from pthread_create() is 11
	Error detail: Resource temporarily unavailable
ERROR; return code from pthread_create() is 11
	Error detail: Resource temporarily unavailable
ERROR; return code from pthread_create() is 11
	Error detail: Resource temporarily unavailable
ERROR; return code from pthread_create() is 11
	Error detail: Resource temporarily unavailable
ERROR; return code from pthread_create() is 11
	Error detail: Resource temporarily unavailable
ERROR; return code from pthread_create() is 11
	Error detail: Resource temporarily unavailable
ERROR; return code from pthread_create() is 11
	Error detail: Resource temporarily unavailable
ERROR; return code from pthread_create() is 11
	Error detail: Resource temporarily unavailable
ERROR; return code from pthread_create() is 11
	Error detail: Resource temporarily unavailable
ERROR; return code from pthread_create() is 11
	Error detail: Resource temporarily unavailable
ERROR; return code from pthread_create() is 11
	Error detail: Resource temporarily unavailable
ERROR; return code from pthread_create() is 11
	Error detail: Resource temporarily unavailable
ERROR; return code from pthread_create() is 11
	Error detail: Resource temporarily unavailable
ERROR; return code from pthread_create() is 11
	Error detail: Resource temporarily unavailable
ERROR; return code from pthread_create() is 11
	Error detail: Resource temporarily unavailable
ERROR; return code from pthread_create() is 11
	Error detail: Resource temporarily unavailable
ERROR; return code from pthread_create() is 11
	Error detail: Resource temporarily unavailable
ERROR; return code from pthread_create() is 11
	Error detail: Resource temporarily unavailable
ERROR; return code from pthread_create() is 11
	Error detail: Resource temporarily unavailable
ERROR; return code from pthread_create() is 11
	Error detail: Resource temporarily unavailable
ERROR; return code from pthread_create() is 11
	Error detail: Resource temporarily unavailable
ERROR; return code from pthread_create() is 11
	Error detail: Resource temporarily unavailable
ERROR; return code from pthread_create() is 11
	Error detail: Resource temporarily unavailable
ERROR; return code from pthread_create() is 11
	Error detail: Resource temporarily unavailable
ERROR; return code from pthread_create() is 11
	Error detail: Resource temporarily unavailable
ERROR; return code from pthread_create() is 11
	Error detail: Resource temporarily unavailable
ERROR; return code from pthread_create() is 11
	Error detail: Resource temporarily unavailable
ERROR; return code from pthread_create() is 11
	Error detail: Resource temporarily unavailable
ERROR; return code from pthread_create() is 11
	Error detail: Resource temporarily unavailable
ERROR; return code from pthread_create() is 11
	Error detail: Resource temporarily unavailable
[1;34mwandb[0m: 
[1;34mwandb[0m: 🚀 View run [33mrmappo_simple_spread_cnn_sparse77_rnn_local_seed5[0m at: [34mhttps://wandb.ai/jeanne-szpirer-universit-libre-de-bruxelles/simple_spread_10agents/runs/5heozizi[0m
[1;34mwandb[0m: Find logs at: [1;35m../results/MPE/simple_spread_cnn_sparse_3.85agentslandmarks_local/rmappo/simple_spread_cnn_sparse77_rnn_local/wandb/run-20250613_122200-5heozizi/logs[0m
srun: error: ly-w115: task 0: Exited with exit code 1
mkdir: cannot create directory ‘/home/users/j/s/jszpirer/%j_%x/’: File exists
